sehr schwer de.jdufner.sudoku.solver.service.Solution@11cd35d
Quest: ......6.92....9.3..1.........637.........1..6...6..4..1...937...9...4.818.37...4.
Result: 785432619264189537319567824426375198538941276971628453142893765697254381853716942
Unique: true
Level: sehr schwer
sehr leicht de.jdufner.sudoku.solver.service.Solution@1380a71
Quest: 7....43.68..9.......27..945.68..7...9..3...5415..49..82..813.6...1.754925...9.8.3
Result: 719524386845936721632781945468157239927368154153249678294813567381675492576492813
Unique: true
Level: sehr leicht
     leicht de.jdufner.sudoku.solver.service.Solution@b53114
Quest: 7....43.68..9........7...45.68......9..3...54....4.......813.....1..5.9.......8.3
Result: 719524386845936721632781945468157239927368154153249678294813567381675492576492813
Unique: true
Level: leicht
sehr leicht de.jdufner.sudoku.solver.service.Solution@653c33
Quest: .9482......5..3..6.681...9....63.5..5324.1967..6.59....5...841.4..2..6......6437.
Result: 794826135215943786368175294879632541532481967146759823657398412483217659921564378
Unique: true
Level: sehr leicht
sehr schwer de.jdufner.sudoku.solver.service.Solution@17e78f7
Quest: .94.2......5..3..6.68....9....63.5...3.4.1.6...6.59....5....41.4..2..6......6.37.
Result: 794826135215943786368175294879632541532481967146759823657398412483217659921564378
Unique: true
Level: sehr schwer
     leicht de.jdufner.sudoku.solver.service.Solution@1e6696c
Quest: .8....1.45...71............29...........4..7...61..5..4.1..7..2.6.42...7.....58.6
Result: 687593124524871639319264785293758461158946273746132598431687952865429317972315846
Unique: true
Level: leicht
sehr leicht de.jdufner.sudoku.solver.service.Solution@1b493c6
Quest: .6.....158.1...9...9..61.48...328.79.27.........5.6....79.5.6.46.2..7....1..9.25.
Result: 264839715831745962795261348146328579527914836983576421379152684652487193418693257
Unique: true
Level: sehr leicht
     leicht de.jdufner.sudoku.solver.service.Solution@cfad31
Quest: .6.....158.........9...1.4....3.8.79.27.........5.6....79.5.6.46.2..7....1..9.2..
Result: 264839715831745962795261348146328579527914836983576421379152684652487193418693257
Unique: true
Level: leicht
sehr schwer de.jdufner.sudoku.solver.service.Solution@8ef177
Quest: .6.....158.........9...1.4....3.8.79.27.........5.6....79.5.6.46....7....1..9.2..
Result: 264839715831745962795261348146328579527914836983576421379152684652487193418693257
Unique: true
Level: sehr schwer
sehr leicht de.jdufner.sudoku.solver.service.Solution@122dad5
Quest: 6.8..9...3.9287....1......7.2.6...4...67428...9...5.7.2......6....8713.9...3..1.4
Result: 678519432349287615512463987723698541156742893894135276231954768465871329987326154
Unique: true
Level: sehr leicht
     leicht de.jdufner.sudoku.solver.service.Solution@17cff66
Quest: 6.8..9...3..28.....1......7...6...4...67428...9...5...2......6.....71..9...3..1.4
Result: 678519432349287615512463987723698541156742893894135276231954768465871329987326154
Unique: true
Level: leicht
