     mittel de.jdufner.sudoku.solver.service.Solution@1f7e18e
Quest: .8.4...52..2...63.....6...8.9......3.3..861....6...4.....8.2..49...3..8.2.......6
Result: 683471952472958631519263748195724863734586129826319475367892514941635287258147396
Unique: true
Level: mittel
     leicht de.jdufner.sudoku.solver.service.Solution@18c6c7
Quest: 5...7...3.649.3...83...1....8.3..........6.72..15.....4.9...7.6......391.....5...
Result: 592674813164983527837251469986327145345816972271549638429138756758462391613795284
Unique: true
Level: leicht
sehr leicht de.jdufner.sudoku.solver.service.Solution@1290383
Quest: 5.2.74..31649.3...8372.1....8.3....534...6.72..154..3.4.9...7.67.....391....95..4
Result: 592674813164983527837251469986327145345816972271549638429138756758462391613795284
Unique: true
Level: sehr leicht
     leicht de.jdufner.sudoku.solver.service.Solution@cd58ae
Quest: 4..62.57.....1.6.....5.4..8..97....1..8.4.7..7....52..8..2.1.....5.6.....41.57..3
Result: 413628579587913624962574138659782341128346795734195286896231457375469812241857963
Unique: true
Level: leicht
sehr leicht de.jdufner.sudoku.solver.service.Solution@a13ab8
Quest: 4..62.57.....1.6.....5741.8..97....11.8.4.7.57....52..8.6231.....5.6.....41.57..3
Result: 413628579587913624962574138659782341128346795734195286896231457375469812241857963
Unique: true
Level: sehr leicht
     leicht de.jdufner.sudoku.solver.service.Solution@cb5608
Quest: ..5........92.8.3....1...72..3.....7.7...6..3.6...1...5.6.....8.3....52...8.7..9.
Result: 325967814719248635684153972953824167471596283862731459596312748137489526248675391
Unique: true
Level: leicht
sehr leicht de.jdufner.sudoku.solver.service.Solution@10bfe2c
Quest: ..43..71.6..54.8....8.7.....8.9.743..4..5.17.72.4.3...45276.39.9.71.5.....32..6..
Result: 594382716671549823238671549186927435349856172725413968452768391967135284813294657
Unique: true
Level: sehr leicht
     leicht de.jdufner.sudoku.solver.service.Solution@626028
Quest: ...3...1.6..54.8....8.7.....8.9..43..4..5.17......3...452.6....9..1.......3...6..
Result: 594382716671549823238671549186927435349856172725413968452768391967135284813294657
Unique: true
Level: leicht
sehr leicht de.jdufner.sudoku.solver.service.Solution@581ea2
Quest: 9.84.....7.....26..6237.1..42...16....16.73....65...21..9.1548..54.....6.....65.2
Result: 918462753743159268562378194425831679891627345376594821639215487254783916187946532
Unique: true
Level: sehr leicht
     leicht de.jdufner.sudoku.solver.service.Solution@10b841
Quest: 9.84.....7.....26..6.3..1..42....6....16.73....6....21..9..5.8..54.....6.....65.2
Result: 918462753743159268562378194425831679891627345376594821639215487254783916187946532
Unique: true
Level: leicht
